Using pre-set license
Built from '2020.3/staging' branch; Version is '2020.3.19f1 (68f137dc9bbe) revision 6877495'; Using compiler version '192528614'; Build Type 'Release'
OS: 'Windows 10 Home; OS build 19043.1348; Version 2009; 64bit' Language: 'es' Physical Memory: 16309 MB
BatchMode: 1, IsHumanControllingUs: 0, StartBugReporterOnCrash: 0, Is64bit: 1, IsPro: 0

COMMAND LINE ARGUMENTS:
C:\Program Files\Unity\Hub\Editor\2020.3.19f1\Editor\Unity.exe
-adb2
-batchMode
-noUpm
-name
AssetImportWorker0
-projectPath
D:/Alexander_Hidalgo_Unity/Ejercicios_opcionales/Ejercicio Opcional 2
-logFile
Logs/AssetImportWorker0.log
-srvPort
58309
Successfully changed project path to: D:/Alexander_Hidalgo_Unity/Ejercicios_opcionales/Ejercicio Opcional 2
D:/Alexander_Hidalgo_Unity/Ejercicios_opcionales/Ejercicio Opcional 2
Using Asset Import Pipeline V2.
Refreshing native plugins compatible for Editor in 23.37 ms, found 2 plugins.
Preloading 0 native plugins for Editor in 0.00 ms.
Initialize engine version: 2020.3.19f1 (68f137dc9bbe)
[Subsystems] Discovering subsystems at path C:/Program Files/Unity/Hub/Editor/2020.3.19f1/Editor/Data/Resources/UnitySubsystems
[Subsystems] Discovering subsystems at path D:/Alexander_Hidalgo_Unity/Ejercicios_opcionales/Ejercicio Opcional 2/Assets
GfxDevice: creating device client; threaded=0
Direct3D:
    Version:  Direct3D 11.0 [level 11.1]
    Renderer: NVIDIA GeForce RTX 3060 (ID=0x2503)
    Vendor:   
    VRAM:     12143 MB
    Driver:   27.21.14.6172
Initialize mono
Mono path[0] = 'C:/Program Files/Unity/Hub/Editor/2020.3.19f1/Editor/Data/Managed'
Mono path[1] = 'C:/Program Files/Unity/Hub/Editor/2020.3.19f1/Editor/Data/MonoBleedingEdge/lib/mono/unityjit'
Mono config path = 'C:/Program Files/Unity/Hub/Editor/2020.3.19f1/Editor/Data/MonoBleedingEdge/etc'
Using monoOptions --debugger-agent=transport=dt_socket,embedding=1,server=y,suspend=n,address=127.0.0.1:56200
Begin MonoManager ReloadAssembly
Registering precompiled unity dll's ...
Register platform support module: C:/Program Files/Unity/Hub/Editor/2020.3.19f1/Editor/Data/PlaybackEngines/WindowsStandaloneSupport/UnityEditor.WindowsStandalone.Extensions.dll
Registered in 0.001642 seconds.
Native extension for WindowsStandalone target not found
Refreshing native plugins compatible for Editor in 24.05 ms, found 2 plugins.
Preloading 0 native plugins for Editor in 0.00 ms.
Mono: successfully reloaded assembly
- Completed reload, in  0.832 seconds
Domain Reload Profiling:
	ReloadAssembly (832ms)
		BeginReloadAssembly (42ms)
			ExecutionOrderSort (0ms)
			DisableScriptedObjects (0ms)
			BackupInstance (0ms)
			ReleaseScriptingObjects (0ms)
			CreateAndSetChildDomain (1ms)
		EndReloadAssembly (317ms)
			LoadAssemblies (40ms)
			RebuildTransferFunctionScriptingTraits (0ms)
			SetupTypeCache (120ms)
			ReleaseScriptCaches (0ms)
			RebuildScriptCaches (24ms)
			SetupLoadedEditorAssemblies (120ms)
				LogAssemblyErrors (0ms)
				InitializePlatformSupportModulesInManaged (3ms)
				SetLoadedEditorAssemblies (0ms)
				RefreshPlugins (24ms)
				BeforeProcessingInitializeOnLoad (7ms)
				ProcessInitializeOnLoadAttributes (64ms)
				ProcessInitializeOnLoadMethodAttributes (22ms)
				AfterProcessingInitializeOnLoad (0ms)
				EditorAssembliesLoaded (0ms)
			ExecutionOrderSort2 (0ms)
			AwakeInstancesAfterBackupRestoration (0ms)
Platform modules already initialized, skipping
Registering precompiled user dll's ...
Registered in 0.001383 seconds.
Begin MonoManager ReloadAssembly
Native extension for WindowsStandalone target not found
Refreshing native plugins compatible for Editor in 0.31 ms, found 2 plugins.
Preloading 0 native plugins for Editor in 0.00 ms.
Mono: successfully reloaded assembly
- Completed reload, in  0.766 seconds
Domain Reload Profiling:
	ReloadAssembly (767ms)
		BeginReloadAssembly (118ms)
			ExecutionOrderSort (0ms)
			DisableScriptedObjects (4ms)
			BackupInstance (0ms)
			ReleaseScriptingObjects (0ms)
			CreateAndSetChildDomain (16ms)
		EndReloadAssembly (596ms)
			LoadAssemblies (63ms)
			RebuildTransferFunctionScriptingTraits (0ms)
			SetupTypeCache (204ms)
			ReleaseScriptCaches (0ms)
			RebuildScriptCaches (33ms)
			SetupLoadedEditorAssemblies (221ms)
				LogAssemblyErrors (0ms)
				InitializePlatformSupportModulesInManaged (4ms)
				SetLoadedEditorAssemblies (0ms)
				RefreshPlugins (0ms)
				BeforeProcessingInitializeOnLoad (41ms)
				ProcessInitializeOnLoadAttributes (167ms)
				ProcessInitializeOnLoadMethodAttributes (3ms)
				AfterProcessingInitializeOnLoad (5ms)
				EditorAssembliesLoaded (0ms)
			ExecutionOrderSort2 (0ms)
			AwakeInstancesAfterBackupRestoration (6ms)
Platform modules already initialized, skipping
========================================================================
Worker process is ready to serve import requests
Launched and connected shader compiler UnityShaderCompiler.exe after 0.03 seconds
Refreshing native plugins compatible for Editor in 0.30 ms, found 2 plugins.
Preloading 0 native plugins for Editor in 0.00 ms.
Unloading 1397 Unused Serialized files (Serialized files now loaded: 0)
System memory in use before: 64.8 MB.
System memory in use after: 64.9 MB.

Unloading 16 unused Assets to reduce memory usage. Loaded Objects now: 1832.
Total: 2.450000 ms (FindLiveObjects: 0.165600 ms CreateObjectMapping: 0.031200 ms MarkObjects: 2.195900 ms  DeleteObjects: 0.056500 ms)

AssetImportParameters requested are different than current active one (requested -> active):
  custom:framework-win-MediaFoundation: 216162199b28c13a410421893ffa2e32 -> 
  custom:video-decoder-ogg-theora: a1e56fd34408186e4bbccfd4996cb3dc -> 
  custom:container-muxer-webm: aa71ff27fc2769a1b78a27578f13a17b -> 
  custom:container-demuxer-webm: 4f35f7cbe854078d1ac9338744f61a02 -> 
  custom:container-demuxer-ogg: 62fdf1f143b41e24485cea50d1cbac27 -> 
  custom:video-encoder-webm-vp8: eb34c28f22e8b96e1ab97ce403110664 -> 
  custom:video-decoder-webm-vp8: 9c59270c3fd7afecdb556c50c9e8de78 -> 
  custom:audio-decoder-ogg-vorbis: bf7c407c2cedff20999df2af8eb42d56 -> 
  custom:audio-encoder-webm-vorbis: bf7c407c2cedff20999df2af8eb42d56 -> 
========================================================================
Received Import Request.
  path: Assets/Scenes/SampleScene.unity
  artifactKey: Guid(9fc0d4010bbf28b4594072e72b8655ab) Importer(815301076,1909f56bfc062723c751e8b465ee728b)
Start importing Assets/Scenes/SampleScene.unity using Guid(9fc0d4010bbf28b4594072e72b8655ab) Importer(815301076,1909f56bfc062723c751e8b465ee728b)  -> (artifact id: '85059f4f9e1a832ed95adaa0d25c5c4c') in 0.013992 seconds 
  Import took 0.016160 seconds .

========================================================================
Received Import Request.
  Time since last request: 18.525511 seconds.
  path: Assets/Scenes/Ejercicio_Opcional_2.unity
  artifactKey: Guid(9fc0d4010bbf28b4594072e72b8655ab) Importer(815301076,1909f56bfc062723c751e8b465ee728b)
Start importing Assets/Scenes/Ejercicio_Opcional_2.unity using Guid(9fc0d4010bbf28b4594072e72b8655ab) Importer(815301076,1909f56bfc062723c751e8b465ee728b)  -> (artifact id: 'a6f83134e91ad035860456541eac1902') in 0.005911 seconds 
  Import took 0.008148 seconds .

========================================================================
Received Import Request.
  Time since last request: 926.527627 seconds.
  path: Assets
  artifactKey: Guid(00000000000000001000000000000000) Importer(815301076,1909f56bfc062723c751e8b465ee728b)
Start importing Assets using Guid(00000000000000001000000000000000) Importer(815301076,1909f56bfc062723c751e8b465ee728b)  -> (artifact id: '42d402b061de3733987d63b9cc3b64de') in 0.006309 seconds 
  Import took 0.008527 seconds .

========================================================================
Received Import Request.
  Time since last request: 6.431329 seconds.
  path: Assets/Materials
  artifactKey: Guid(a49aef131fd4efd48b6f85640fce6b6e) Importer(815301076,1909f56bfc062723c751e8b465ee728b)
Start importing Assets/Materials using Guid(a49aef131fd4efd48b6f85640fce6b6e) Importer(815301076,1909f56bfc062723c751e8b465ee728b)  -> (artifact id: '6ccac8fa1676b8fd66c1de25c8605bbb') in 0.005738 seconds 
  Import took 0.007843 seconds .

========================================================================
Received Import Request.
  Time since last request: 15.543594 seconds.
  path: Assets/NewBehaviourScript.cs
  artifactKey: Guid(624134c515b70c447b439ba1239ca8ca) Importer(815301076,1909f56bfc062723c751e8b465ee728b)
Start importing Assets/NewBehaviourScript.cs using Guid(624134c515b70c447b439ba1239ca8ca) Importer(815301076,1909f56bfc062723c751e8b465ee728b)  -> (artifact id: '39078101c858160f4ded0868d1caec6b') in 0.025738 seconds 
  Import took 0.027831 seconds .

========================================================================
Received Prepare
Registering precompiled user dll's ...
Registered in 0.001422 seconds.
Begin MonoManager ReloadAssembly
Native extension for WindowsStandalone target not found
Refreshing native plugins compatible for Editor in 0.31 ms, found 2 plugins.
Preloading 0 native plugins for Editor in 0.00 ms.
Mono: successfully reloaded assembly
- Completed reload, in  0.717 seconds
Domain Reload Profiling:
	ReloadAssembly (717ms)
		BeginReloadAssembly (91ms)
			ExecutionOrderSort (0ms)
			DisableScriptedObjects (3ms)
			BackupInstance (0ms)
			ReleaseScriptingObjects (0ms)
			CreateAndSetChildDomain (26ms)
		EndReloadAssembly (574ms)
			LoadAssemblies (63ms)
			RebuildTransferFunctionScriptingTraits (0ms)
			SetupTypeCache (206ms)
			ReleaseScriptCaches (1ms)
			RebuildScriptCaches (29ms)
			SetupLoadedEditorAssemblies (203ms)
				LogAssemblyErrors (0ms)
				InitializePlatformSupportModulesInManaged (4ms)
				SetLoadedEditorAssemblies (0ms)
				RefreshPlugins (0ms)
				BeforeProcessingInitializeOnLoad (36ms)
				ProcessInitializeOnLoadAttributes (154ms)
				ProcessInitializeOnLoadMethodAttributes (3ms)
				AfterProcessingInitializeOnLoad (5ms)
				EditorAssembliesLoaded (0ms)
			ExecutionOrderSort2 (0ms)
			AwakeInstancesAfterBackupRestoration (5ms)
Platform modules already initialized, skipping
Refreshing native plugins compatible for Editor in 0.28 ms, found 2 plugins.
Preloading 0 native plugins for Editor in 0.00 ms.
Unloading 1391 Unused Serialized files (Serialized files now loaded: 0)
System memory in use before: 64.6 MB.
System memory in use after: 64.8 MB.

Unloading 11 unused Assets to reduce memory usage. Loaded Objects now: 1834.
Total: 2.445900 ms (FindLiveObjects: 0.158000 ms CreateObjectMapping: 0.035200 ms MarkObjects: 2.235300 ms  DeleteObjects: 0.016600 ms)

AssetImportParameters requested are different than current active one (requested -> active):
  custom:framework-win-MediaFoundation: 216162199b28c13a410421893ffa2e32 -> 
  custom:video-decoder-ogg-theora: a1e56fd34408186e4bbccfd4996cb3dc -> 
  custom:container-muxer-webm: aa71ff27fc2769a1b78a27578f13a17b -> 
  custom:container-demuxer-webm: 4f35f7cbe854078d1ac9338744f61a02 -> 
  custom:container-demuxer-ogg: 62fdf1f143b41e24485cea50d1cbac27 -> 
  custom:video-encoder-webm-vp8: eb34c28f22e8b96e1ab97ce403110664 -> 
  custom:video-decoder-webm-vp8: 9c59270c3fd7afecdb556c50c9e8de78 -> 
  custom:audio-decoder-ogg-vorbis: bf7c407c2cedff20999df2af8eb42d56 -> 
  custom:audio-encoder-webm-vorbis: bf7c407c2cedff20999df2af8eb42d56 -> 
========================================================================
Received Import Request.
  Time since last request: 10.316474 seconds.
  path: Assets/Scripts
  artifactKey: Guid(11e3e8d5e3440d343960f0f881b8a5a4) Importer(815301076,1909f56bfc062723c751e8b465ee728b)
Start importing Assets/Scripts using Guid(11e3e8d5e3440d343960f0f881b8a5a4) Importer(815301076,1909f56bfc062723c751e8b465ee728b)  -> (artifact id: '8f8c4c850701e261fea753695c3d3928') in 0.007132 seconds 
  Import took 0.009173 seconds .

========================================================================
Received Import Request.
  Time since last request: 461.961108 seconds.
  path: Assets/Materials/Ojos_mat.mat
  artifactKey: Guid(abd709fca17bb544588da66764a913e6) Importer(815301076,1909f56bfc062723c751e8b465ee728b)
Start importing Assets/Materials/Ojos_mat.mat using Guid(abd709fca17bb544588da66764a913e6) Importer(815301076,1909f56bfc062723c751e8b465ee728b)  -> (artifact id: '2fc946740284e3ea2178506fc46476c7') in 0.076117 seconds 
  Import took 0.078364 seconds .

========================================================================
Received Import Request.
  Time since last request: 8.033339 seconds.
  path: Assets/Materials/2.jpg481653D0-7D73-4517-9E5C-8859888B3317Large.jpg
  artifactKey: Guid(4541e1859d9761b40a7b51e259a3c230) Importer(815301076,1909f56bfc062723c751e8b465ee728b)
Start importing Assets/Materials/2.jpg481653D0-7D73-4517-9E5C-8859888B3317Large.jpg using Guid(4541e1859d9761b40a7b51e259a3c230) Importer(815301076,1909f56bfc062723c751e8b465ee728b)  -> (artifact id: '47623cdb524054132b0b7b8283c20291') in 0.020475 seconds 
  Import took 0.022661 seconds .

========================================================================
Received Import Request.
  Time since last request: 133.687656 seconds.
  path: Assets/Materials/New Material.mat
  artifactKey: Guid(79552c3f7f524744aa066bd86574a376) Importer(815301076,1909f56bfc062723c751e8b465ee728b)
Start importing Assets/Materials/New Material.mat using Guid(79552c3f7f524744aa066bd86574a376) Importer(815301076,1909f56bfc062723c751e8b465ee728b)  -> (artifact id: 'b4de328ffe2bd064a67cb10b8376954d') in 0.011753 seconds 
  Import took 0.014197 seconds .

========================================================================
Received Import Request.
  Time since last request: 89.624338 seconds.
  path: Assets/Materials/New Material 1.mat
  artifactKey: Guid(7fb7d08ea3091d348a12198cab926370) Importer(815301076,1909f56bfc062723c751e8b465ee728b)
Start importing Assets/Materials/New Material 1.mat using Guid(7fb7d08ea3091d348a12198cab926370) Importer(815301076,1909f56bfc062723c751e8b465ee728b)  -> (artifact id: '02b0c477e89eecae6865ca3f783d7bc3') in 0.017631 seconds 
  Import took 0.020357 seconds .

========================================================================
Received Import Request.
  Time since last request: 77.432688 seconds.
  path: Assets/Materials/New Material 2.mat
  artifactKey: Guid(adbd7c3138001094393c739d07bc6175) Importer(815301076,1909f56bfc062723c751e8b465ee728b)
Start importing Assets/Materials/New Material 2.mat using Guid(adbd7c3138001094393c739d07bc6175) Importer(815301076,1909f56bfc062723c751e8b465ee728b)  -> (artifact id: 'd9a0bcc7a80ecceedbd6e076639607eb') in 0.011976 seconds 
  Import took 0.014208 seconds .

========================================================================
Received Import Request.
  Time since last request: 146.415053 seconds.
  path: Assets/Materials/New Material 2.mat
  artifactKey: Guid(adbd7c3138001094393c739d07bc6175) Importer(815301076,1909f56bfc062723c751e8b465ee728b)
Start importing Assets/Materials/New Material 2.mat using Guid(adbd7c3138001094393c739d07bc6175) Importer(815301076,1909f56bfc062723c751e8b465ee728b)  -> (artifact id: '13f35dfe1a558b4fce9fac71c2551b8a') in 0.011132 seconds 
  Import took 0.013381 seconds .

========================================================================
Received Import Request.
  Time since last request: 0.000175 seconds.
  path: Assets/Materials/New Material.mat
  artifactKey: Guid(79552c3f7f524744aa066bd86574a376) Importer(815301076,1909f56bfc062723c751e8b465ee728b)
Start importing Assets/Materials/New Material.mat using Guid(79552c3f7f524744aa066bd86574a376) Importer(815301076,1909f56bfc062723c751e8b465ee728b)  -> (artifact id: '1a6a1d848eef343de2f4f210f37be848') in 0.012556 seconds 
  Import took 0.014401 seconds .

========================================================================
Received Import Request.
  Time since last request: 0.000176 seconds.
  path: Assets/Materials/Ojos_mat.mat
  artifactKey: Guid(abd709fca17bb544588da66764a913e6) Importer(815301076,1909f56bfc062723c751e8b465ee728b)
Start importing Assets/Materials/Ojos_mat.mat using Guid(abd709fca17bb544588da66764a913e6) Importer(815301076,1909f56bfc062723c751e8b465ee728b)  -> (artifact id: 'cfffff0f93b608d1f4baf968da55c60c') in 0.014944 seconds 
  Import took 0.016888 seconds .

========================================================================
Received Import Request.
  Time since last request: 43.397488 seconds.
  path: Assets/Materials/Hair_mat.mat
  artifactKey: Guid(a0f1722ec8fd7d343aea346d51fd9a77) Importer(815301076,1909f56bfc062723c751e8b465ee728b)
Start importing Assets/Materials/Hair_mat.mat using Guid(a0f1722ec8fd7d343aea346d51fd9a77) Importer(815301076,1909f56bfc062723c751e8b465ee728b)  -> (artifact id: '0e72667836be107fef86f42bea90169d') in 0.010883 seconds 
  Import took 0.013152 seconds .

========================================================================
Received Import Request.
  Time since last request: 37.110050 seconds.
  path: Assets/Materials/textura-de-la-piel-del-gato-35547949.jpg
  artifactKey: Guid(48e722c99b09cc348a5a8512f3164153) Importer(815301076,1909f56bfc062723c751e8b465ee728b)
Start importing Assets/Materials/textura-de-la-piel-del-gato-35547949.jpg using Guid(48e722c99b09cc348a5a8512f3164153) Importer(815301076,1909f56bfc062723c751e8b465ee728b)  -> (artifact id: 'b6f4e828c22dc4ed14b5bb5fde1c94b3') in 0.011743 seconds 
  Import took 0.014001 seconds .

========================================================================
Received Import Request.
  Time since last request: 81.717221 seconds.
  path: Assets/Materials/images (2).jpg
  artifactKey: Guid(dd3af20451ca58d4bb63d54fbbb81e00) Importer(815301076,1909f56bfc062723c751e8b465ee728b)
Start importing Assets/Materials/images (2).jpg using Guid(dd3af20451ca58d4bb63d54fbbb81e00) Importer(815301076,1909f56bfc062723c751e8b465ee728b)  -> (artifact id: 'f99c61bac054748011629d71b73babb4') in 0.008601 seconds 
  Import took 0.010903 seconds .

========================================================================
Received Import Request.
  Time since last request: 78.533561 seconds.
  path: Assets/Materials/Hair_mat.mat
  artifactKey: Guid(a0f1722ec8fd7d343aea346d51fd9a77) Importer(815301076,1909f56bfc062723c751e8b465ee728b)
Start importing Assets/Materials/Hair_mat.mat using Guid(a0f1722ec8fd7d343aea346d51fd9a77) Importer(815301076,1909f56bfc062723c751e8b465ee728b)  -> (artifact id: '87800285c5876337e0845c175a0d288c') in 0.020348 seconds 
  Import took 0.022611 seconds .

========================================================================
Received Import Request.
  Time since last request: 510.752611 seconds.
  path: Assets/Materials/2358cea17e63a08c63560b16138783cf.jpg
  artifactKey: Guid(554c1a45311d02b4aac39dddd5da06da) Importer(815301076,1909f56bfc062723c751e8b465ee728b)
Start importing Assets/Materials/2358cea17e63a08c63560b16138783cf.jpg using Guid(554c1a45311d02b4aac39dddd5da06da) Importer(815301076,1909f56bfc062723c751e8b465ee728b)  -> (artifact id: '0586e27cdbfa39820dc2dacf03e5221f') in 0.009479 seconds 
  Import took 0.011955 seconds .

========================================================================
Received Import Request.
  Time since last request: 51.968325 seconds.
  path: Assets/Materials/360_F_257452416_aLQxh9NwlSzrMFwJRTonFF1J2rY8zF2Q.jpg
  artifactKey: Guid(33cc90e713d76514586391dd90dcf290) Importer(815301076,1909f56bfc062723c751e8b465ee728b)
Start importing Assets/Materials/360_F_257452416_aLQxh9NwlSzrMFwJRTonFF1J2rY8zF2Q.jpg using Guid(33cc90e713d76514586391dd90dcf290) Importer(815301076,1909f56bfc062723c751e8b465ee728b)  -> (artifact id: '19808782ed29ba4cf90bc2e51ce38f01') in 0.009452 seconds 
  Import took 0.011713 seconds .

========================================================================
Received Import Request.
  Time since last request: 122.940553 seconds.
  path: Assets/Materials/Hair_mat.mat
  artifactKey: Guid(a0f1722ec8fd7d343aea346d51fd9a77) Importer(815301076,1909f56bfc062723c751e8b465ee728b)
Start importing Assets/Materials/Hair_mat.mat using Guid(a0f1722ec8fd7d343aea346d51fd9a77) Importer(815301076,1909f56bfc062723c751e8b465ee728b)  -> (artifact id: '8d8bccb0e89703ed03a3964c131fa1cc') in 0.012067 seconds 
  Import took 0.014317 seconds .

========================================================================
Received Import Request.
  Time since last request: 280.445653 seconds.
  path: Assets/Materials/360_F_178979392_DwsZYA1BAgP4TtP0XIH9FuHs3zoVYzMc.jpg
  artifactKey: Guid(e7b95c65aaa762c409468eff2f593721) Importer(815301076,1909f56bfc062723c751e8b465ee728b)
Start importing Assets/Materials/360_F_178979392_DwsZYA1BAgP4TtP0XIH9FuHs3zoVYzMc.jpg using Guid(e7b95c65aaa762c409468eff2f593721) Importer(815301076,1909f56bfc062723c751e8b465ee728b)  -> (artifact id: '84732bb065667d333f02b4462133c07f') in 0.010740 seconds 
  Import took 0.013049 seconds .

========================================================================
Received Import Request.
  Time since last request: 95.617990 seconds.
  path: Assets/Materials/Hair_mat.mat
  artifactKey: Guid(a0f1722ec8fd7d343aea346d51fd9a77) Importer(815301076,1909f56bfc062723c751e8b465ee728b)
Start importing Assets/Materials/Hair_mat.mat using Guid(a0f1722ec8fd7d343aea346d51fd9a77) Importer(815301076,1909f56bfc062723c751e8b465ee728b)  -> (artifact id: '147692acd2d441f62c3c1b61137244ce') in 0.010784 seconds 
  Import took 0.013017 seconds .

========================================================================
Received Import Request.
  Time since last request: 549.628557 seconds.
  path: Assets/Prefabs
  artifactKey: Guid(6fc19b8adeabb9b428861163840f2e12) Importer(815301076,1909f56bfc062723c751e8b465ee728b)
Start importing Assets/Prefabs using Guid(6fc19b8adeabb9b428861163840f2e12) Importer(815301076,1909f56bfc062723c751e8b465ee728b)  -> (artifact id: 'adf041654bf736df581fda524ccc0e75') in 0.004997 seconds 
  Import took 0.007239 seconds .

========================================================================
Received Import Request.
  Time since last request: 3.595598 seconds.
  path: Assets/Prefabs/Gato.prefab
  artifactKey: Guid(e993b7dda8528824686167ec1aa70bde) Importer(815301076,1909f56bfc062723c751e8b465ee728b)
Start importing Assets/Prefabs/Gato.prefab using Guid(e993b7dda8528824686167ec1aa70bde) Importer(815301076,1909f56bfc062723c751e8b465ee728b)  -> (artifact id: '66efa5e0a3c1b8af5c87e24234c63d4a') in 0.024594 seconds 
  Import took 0.027134 seconds .

========================================================================
Received Prepare
Registering precompiled user dll's ...
Registered in 0.001405 seconds.
Begin MonoManager ReloadAssembly
Native extension for WindowsStandalone target not found
Refreshing native plugins compatible for Editor in 0.31 ms, found 2 plugins.
Preloading 0 native plugins for Editor in 0.00 ms.
Mono: successfully reloaded assembly
- Completed reload, in  0.731 seconds
Domain Reload Profiling:
	ReloadAssembly (731ms)
		BeginReloadAssembly (91ms)
			ExecutionOrderSort (0ms)
			DisableScriptedObjects (3ms)
			BackupInstance (0ms)
			ReleaseScriptingObjects (0ms)
			CreateAndSetChildDomain (28ms)
		EndReloadAssembly (583ms)
			LoadAssemblies (67ms)
			RebuildTransferFunctionScriptingTraits (0ms)
			SetupTypeCache (209ms)
			ReleaseScriptCaches (1ms)
			RebuildScriptCaches (29ms)
			SetupLoadedEditorAssemblies (204ms)
				LogAssemblyErrors (0ms)
				InitializePlatformSupportModulesInManaged (4ms)
				SetLoadedEditorAssemblies (0ms)
				RefreshPlugins (0ms)
				BeforeProcessingInitializeOnLoad (36ms)
				ProcessInitializeOnLoadAttributes (155ms)
				ProcessInitializeOnLoadMethodAttributes (3ms)
				AfterProcessingInitializeOnLoad (5ms)
				EditorAssembliesLoaded (0ms)
			ExecutionOrderSort2 (0ms)
			AwakeInstancesAfterBackupRestoration (5ms)
Platform modules already initialized, skipping
Refreshing native plugins compatible for Editor in 0.39 ms, found 2 plugins.
Preloading 0 native plugins for Editor in 0.00 ms.
Unloading 1392 Unused Serialized files (Serialized files now loaded: 0)
System memory in use before: 68.2 MB.
System memory in use after: 68.3 MB.

Unloading 11 unused Assets to reduce memory usage. Loaded Objects now: 1882.
Total: 2.584500 ms (FindLiveObjects: 0.158800 ms CreateObjectMapping: 0.035400 ms MarkObjects: 2.371600 ms  DeleteObjects: 0.017100 ms)

AssetImportParameters requested are different than current active one (requested -> active):
  custom:framework-win-MediaFoundation: 216162199b28c13a410421893ffa2e32 -> 
  custom:video-decoder-ogg-theora: a1e56fd34408186e4bbccfd4996cb3dc -> 
  custom:container-muxer-webm: aa71ff27fc2769a1b78a27578f13a17b -> 
  custom:container-demuxer-webm: 4f35f7cbe854078d1ac9338744f61a02 -> 
  custom:container-demuxer-ogg: 62fdf1f143b41e24485cea50d1cbac27 -> 
  custom:video-encoder-webm-vp8: eb34c28f22e8b96e1ab97ce403110664 -> 
  custom:video-decoder-webm-vp8: 9c59270c3fd7afecdb556c50c9e8de78 -> 
  custom:audio-decoder-ogg-vorbis: bf7c407c2cedff20999df2af8eb42d56 -> 
  custom:audio-encoder-webm-vorbis: bf7c407c2cedff20999df2af8eb42d56 -> 
========================================================================
Received Import Request.
  Time since last request: 193.984813 seconds.
  path: Assets/Scripts/ColorController.cs
  artifactKey: Guid(3498278dfcf039547af690f33e5b78b6) Importer(815301076,1909f56bfc062723c751e8b465ee728b)
Start importing Assets/Scripts/ColorController.cs using Guid(3498278dfcf039547af690f33e5b78b6) Importer(815301076,1909f56bfc062723c751e8b465ee728b)  -> (artifact id: '0710831977e0da2087b6cece465c0624') in 0.006404 seconds 
  Import took 0.008438 seconds .

========================================================================
Received Prepare
Registering precompiled user dll's ...
Registered in 0.001390 seconds.
Begin MonoManager ReloadAssembly
Native extension for WindowsStandalone target not found
Refreshing native plugins compatible for Editor in 0.31 ms, found 2 plugins.
Preloading 0 native plugins for Editor in 0.00 ms.
Mono: successfully reloaded assembly
- Completed reload, in  0.723 seconds
Domain Reload Profiling:
	ReloadAssembly (723ms)
		BeginReloadAssembly (87ms)
			ExecutionOrderSort (0ms)
			DisableScriptedObjects (4ms)
			BackupInstance (0ms)
			ReleaseScriptingObjects (0ms)
			CreateAndSetChildDomain (27ms)
		EndReloadAssembly (581ms)
			LoadAssemblies (64ms)
			RebuildTransferFunctionScriptingTraits (0ms)
			SetupTypeCache (206ms)
			ReleaseScriptCaches (1ms)
			RebuildScriptCaches (30ms)
			SetupLoadedEditorAssemblies (206ms)
				LogAssemblyErrors (0ms)
				InitializePlatformSupportModulesInManaged (4ms)
				SetLoadedEditorAssemblies (0ms)
				RefreshPlugins (0ms)
				BeforeProcessingInitializeOnLoad (37ms)
				ProcessInitializeOnLoadAttributes (156ms)
				ProcessInitializeOnLoadMethodAttributes (3ms)
				AfterProcessingInitializeOnLoad (5ms)
				EditorAssembliesLoaded (0ms)
			ExecutionOrderSort2 (0ms)
			AwakeInstancesAfterBackupRestoration (5ms)
Platform modules already initialized, skipping
Refreshing native plugins compatible for Editor in 0.23 ms, found 2 plugins.
Preloading 0 native plugins for Editor in 0.00 ms.
Unloading 1391 Unused Serialized files (Serialized files now loaded: 0)
System memory in use before: 68.1 MB.
System memory in use after: 68.3 MB.

Unloading 12 unused Assets to reduce memory usage. Loaded Objects now: 1883.
Total: 2.789400 ms (FindLiveObjects: 0.146500 ms CreateObjectMapping: 0.035700 ms MarkObjects: 2.588700 ms  DeleteObjects: 0.017100 ms)

AssetImportParameters requested are different than current active one (requested -> active):
  custom:framework-win-MediaFoundation: 216162199b28c13a410421893ffa2e32 -> 
  custom:video-decoder-ogg-theora: a1e56fd34408186e4bbccfd4996cb3dc -> 
  custom:container-muxer-webm: aa71ff27fc2769a1b78a27578f13a17b -> 
  custom:container-demuxer-webm: 4f35f7cbe854078d1ac9338744f61a02 -> 
  custom:container-demuxer-ogg: 62fdf1f143b41e24485cea50d1cbac27 -> 
  custom:video-encoder-webm-vp8: eb34c28f22e8b96e1ab97ce403110664 -> 
  custom:video-decoder-webm-vp8: 9c59270c3fd7afecdb556c50c9e8de78 -> 
  custom:audio-decoder-ogg-vorbis: bf7c407c2cedff20999df2af8eb42d56 -> 
  custom:audio-encoder-webm-vorbis: bf7c407c2cedff20999df2af8eb42d56 -> 
========================================================================
Received Import Request.
  Time since last request: 41.475859 seconds.
  path: Assets/Scripts/Color Manager.cs
  artifactKey: Guid(f5268f5969491814f894644edc85ee36) Importer(815301076,1909f56bfc062723c751e8b465ee728b)
Start importing Assets/Scripts/Color Manager.cs using Guid(f5268f5969491814f894644edc85ee36) Importer(815301076,1909f56bfc062723c751e8b465ee728b)  -> (artifact id: '3a68336e2dbec962664de78f174240ce') in 0.006592 seconds 
  Import took 0.008745 seconds .

========================================================================
Received Prepare
Registering precompiled user dll's ...
Registered in 0.001531 seconds.
Begin MonoManager ReloadAssembly
Native extension for WindowsStandalone target not found
Refreshing native plugins compatible for Editor in 0.31 ms, found 2 plugins.
Preloading 0 native plugins for Editor in 0.00 ms.
Mono: successfully reloaded assembly
- Completed reload, in  0.726 seconds
Domain Reload Profiling:
	ReloadAssembly (726ms)
		BeginReloadAssembly (96ms)
			ExecutionOrderSort (0ms)
			DisableScriptedObjects (3ms)
			BackupInstance (0ms)
			ReleaseScriptingObjects (0ms)
			CreateAndSetChildDomain (27ms)
		EndReloadAssembly (577ms)
			LoadAssemblies (64ms)
			RebuildTransferFunctionScriptingTraits (0ms)
			SetupTypeCache (204ms)
			ReleaseScriptCaches (1ms)
			RebuildScriptCaches (31ms)
			SetupLoadedEditorAssemblies (204ms)
				LogAssemblyErrors (0ms)
				InitializePlatformSupportModulesInManaged (4ms)
				SetLoadedEditorAssemblies (0ms)
				RefreshPlugins (0ms)
				BeforeProcessingInitializeOnLoad (37ms)
				ProcessInitializeOnLoadAttributes (154ms)
				ProcessInitializeOnLoadMethodAttributes (3ms)
				AfterProcessingInitializeOnLoad (5ms)
				EditorAssembliesLoaded (0ms)
			ExecutionOrderSort2 (0ms)
			AwakeInstancesAfterBackupRestoration (5ms)
Platform modules already initialized, skipping
Refreshing native plugins compatible for Editor in 0.30 ms, found 2 plugins.
Preloading 0 native plugins for Editor in 0.00 ms.
Unloading 1392 Unused Serialized files (Serialized files now loaded: 0)
System memory in use before: 68.2 MB.
System memory in use after: 68.3 MB.

Unloading 11 unused Assets to reduce memory usage. Loaded Objects now: 1886.
Total: 2.496000 ms (FindLiveObjects: 0.150900 ms CreateObjectMapping: 0.029800 ms MarkObjects: 2.298700 ms  DeleteObjects: 0.015900 ms)

AssetImportParameters requested are different than current active one (requested -> active):
  custom:framework-win-MediaFoundation: 216162199b28c13a410421893ffa2e32 -> 
  custom:video-decoder-ogg-theora: a1e56fd34408186e4bbccfd4996cb3dc -> 
  custom:container-muxer-webm: aa71ff27fc2769a1b78a27578f13a17b -> 
  custom:container-demuxer-webm: 4f35f7cbe854078d1ac9338744f61a02 -> 
  custom:container-demuxer-ogg: 62fdf1f143b41e24485cea50d1cbac27 -> 
  custom:video-encoder-webm-vp8: eb34c28f22e8b96e1ab97ce403110664 -> 
  custom:video-decoder-webm-vp8: 9c59270c3fd7afecdb556c50c9e8de78 -> 
  custom:audio-decoder-ogg-vorbis: bf7c407c2cedff20999df2af8eb42d56 -> 
  custom:audio-encoder-webm-vorbis: bf7c407c2cedff20999df2af8eb42d56 -> 
========================================================================
Received Prepare
Registering precompiled user dll's ...
Registered in 0.001369 seconds.
Begin MonoManager ReloadAssembly
Native extension for WindowsStandalone target not found
Refreshing native plugins compatible for Editor in 0.31 ms, found 2 plugins.
Preloading 0 native plugins for Editor in 0.00 ms.
Mono: successfully reloaded assembly
- Completed reload, in  0.714 seconds
Domain Reload Profiling:
	ReloadAssembly (714ms)
		BeginReloadAssembly (83ms)
			ExecutionOrderSort (0ms)
			DisableScriptedObjects (3ms)
			BackupInstance (0ms)
			ReleaseScriptingObjects (0ms)
			CreateAndSetChildDomain (25ms)
		EndReloadAssembly (578ms)
			LoadAssemblies (63ms)
			RebuildTransferFunctionScriptingTraits (0ms)
			SetupTypeCache (203ms)
			ReleaseScriptCaches (1ms)
			RebuildScriptCaches (32ms)
			SetupLoadedEditorAssemblies (205ms)
				LogAssemblyErrors (0ms)
				InitializePlatformSupportModulesInManaged (4ms)
				SetLoadedEditorAssemblies (0ms)
				RefreshPlugins (0ms)
				BeforeProcessingInitializeOnLoad (37ms)
				ProcessInitializeOnLoadAttributes (156ms)
				ProcessInitializeOnLoadMethodAttributes (3ms)
				AfterProcessingInitializeOnLoad (5ms)
				EditorAssembliesLoaded (0ms)
			ExecutionOrderSort2 (0ms)
			AwakeInstancesAfterBackupRestoration (5ms)
Platform modules already initialized, skipping
Refreshing native plugins compatible for Editor in 0.27 ms, found 2 plugins.
Preloading 0 native plugins for Editor in 0.00 ms.
Unloading 1391 Unused Serialized files (Serialized files now loaded: 0)
System memory in use before: 68.2 MB.
System memory in use after: 68.3 MB.

Unloading 12 unused Assets to reduce memory usage. Loaded Objects now: 1887.
Total: 2.689500 ms (FindLiveObjects: 0.152100 ms CreateObjectMapping: 0.027900 ms MarkObjects: 2.491000 ms  DeleteObjects: 0.017200 ms)

AssetImportParameters requested are different than current active one (requested -> active):
  custom:framework-win-MediaFoundation: 216162199b28c13a410421893ffa2e32 -> 
  custom:video-decoder-ogg-theora: a1e56fd34408186e4bbccfd4996cb3dc -> 
  custom:container-muxer-webm: aa71ff27fc2769a1b78a27578f13a17b -> 
  custom:container-demuxer-webm: 4f35f7cbe854078d1ac9338744f61a02 -> 
  custom:container-demuxer-ogg: 62fdf1f143b41e24485cea50d1cbac27 -> 
  custom:video-encoder-webm-vp8: eb34c28f22e8b96e1ab97ce403110664 -> 
  custom:video-decoder-webm-vp8: 9c59270c3fd7afecdb556c50c9e8de78 -> 
  custom:audio-decoder-ogg-vorbis: bf7c407c2cedff20999df2af8eb42d56 -> 
  custom:audio-encoder-webm-vorbis: bf7c407c2cedff20999df2af8eb42d56 -> 
========================================================================
Received Import Request.
  Time since last request: 25.266044 seconds.
  path: Assets/Scripts/ColorManager.cs
  artifactKey: Guid(68b5a35fa6b720147ae5e3da9c0f5063) Importer(815301076,1909f56bfc062723c751e8b465ee728b)
Start importing Assets/Scripts/ColorManager.cs using Guid(68b5a35fa6b720147ae5e3da9c0f5063) Importer(815301076,1909f56bfc062723c751e8b465ee728b)  -> (artifact id: '400d5afaf113a89010bfa2e7f7913284') in 0.006140 seconds 
  Import took 0.008408 seconds .

========================================================================
Received Prepare
Registering precompiled user dll's ...
Registered in 0.001364 seconds.
Begin MonoManager ReloadAssembly
Native extension for WindowsStandalone target not found
Refreshing native plugins compatible for Editor in 0.31 ms, found 2 plugins.
Preloading 0 native plugins for Editor in 0.00 ms.
Mono: successfully reloaded assembly
- Completed reload, in  0.723 seconds
Domain Reload Profiling:
	ReloadAssembly (723ms)
		BeginReloadAssembly (85ms)
			ExecutionOrderSort (0ms)
			DisableScriptedObjects (4ms)
			BackupInstance (0ms)
			ReleaseScriptingObjects (0ms)
			CreateAndSetChildDomain (24ms)
		EndReloadAssembly (587ms)
			LoadAssemblies (63ms)
			RebuildTransferFunctionScriptingTraits (0ms)
			SetupTypeCache (209ms)
			ReleaseScriptCaches (1ms)
			RebuildScriptCaches (30ms)
			SetupLoadedEditorAssemblies (209ms)
				LogAssemblyErrors (0ms)
				InitializePlatformSupportModulesInManaged (4ms)
				SetLoadedEditorAssemblies (0ms)
				RefreshPlugins (0ms)
				BeforeProcessingInitializeOnLoad (38ms)
				ProcessInitializeOnLoadAttributes (158ms)
				ProcessInitializeOnLoadMethodAttributes (3ms)
				AfterProcessingInitializeOnLoad (5ms)
				EditorAssembliesLoaded (0ms)
			ExecutionOrderSort2 (0ms)
			AwakeInstancesAfterBackupRestoration (5ms)
Platform modules already initialized, skipping
Refreshing native plugins compatible for Editor in 0.25 ms, found 2 plugins.
Preloading 0 native plugins for Editor in 0.00 ms.
Unloading 1392 Unused Serialized files (Serialized files now loaded: 0)
System memory in use before: 68.2 MB.
System memory in use after: 68.3 MB.

Unloading 11 unused Assets to reduce memory usage. Loaded Objects now: 1890.
Total: 2.753400 ms (FindLiveObjects: 0.152600 ms CreateObjectMapping: 0.032100 ms MarkObjects: 2.552100 ms  DeleteObjects: 0.015400 ms)

AssetImportParameters requested are different than current active one (requested -> active):
  custom:framework-win-MediaFoundation: 216162199b28c13a410421893ffa2e32 -> 
  custom:video-decoder-ogg-theora: a1e56fd34408186e4bbccfd4996cb3dc -> 
  custom:container-muxer-webm: aa71ff27fc2769a1b78a27578f13a17b -> 
  custom:container-demuxer-webm: 4f35f7cbe854078d1ac9338744f61a02 -> 
  custom:container-demuxer-ogg: 62fdf1f143b41e24485cea50d1cbac27 -> 
  custom:video-encoder-webm-vp8: eb34c28f22e8b96e1ab97ce403110664 -> 
  custom:video-decoder-webm-vp8: 9c59270c3fd7afecdb556c50c9e8de78 -> 
  custom:audio-decoder-ogg-vorbis: bf7c407c2cedff20999df2af8eb42d56 -> 
  custom:audio-encoder-webm-vorbis: bf7c407c2cedff20999df2af8eb42d56 -> 
AssetImportWorkerClient::OnTransportError - code=2 error=End of file
